{"uuid":"ac820999-6b98-493f-a4a5-5d06861509a0","historyId":"2ab77c7f2e536de3e4e2153565fd941f","fullName":"com.qa.opencart.base.BaseTest.setup","labels":[{"name":"package","value":"com.qa.opencart.tests.LoginPageTest"},{"name":"testClass","value":"com.qa.opencart.tests.LoginPageTest"},{"name":"testMethod","value":"setup"},{"name":"parentSuite","value":"Opencart App Test Regression Suite"},{"name":"suite","value":"Login Page Test"},{"name":"subSuite","value":"com.qa.opencart.tests.LoginPageTest"},{"name":"host","value":"del1-lhp-n78153"},{"name":"thread","value":"15140@del1-lhp-n78153.TestNG-tests-1(17)"},{"name":"framework","value":"testng"},{"name":"language","value":"java"},{"name":"epic","value":"EPIC - 100: Desgin of the login page for PayDashboard app"},{"name":"story","value":"US - 200: implement login page features for PayDashboard app"},{"name":"AS_ID","value":"-1"}],"links":[],"name":"setup","status":"broken","statusDetails":{"known":false,"muted":false,"flaky":false,"message":"Unable to obtain: Capabilities {browserName: safari}, error Command failed with code: 65, executed: [C:\\Users\\SAMIRC~1.ROY\\AppData\\Local\\Temp\\selenium-manager17692505153330013422640232719034923\\selenium-manager.exe, --browser, safari, --output, json]\nsafaridriver not available for download\nBuild info: version: '4.11.0', revision: '040bc5406b'\nSystem info: os.name: 'Windows 10', os.arch: 'amd64', os.version: '10.0', java.version: '18.0.2'\nDriver info: driver.version: SafariDriver","trace":"org.openqa.selenium.remote.NoSuchDriverException: Unable to obtain: Capabilities {browserName: safari}, error Command failed with code: 65, executed: [C:\\Users\\SAMIRC~1.ROY\\AppData\\Local\\Temp\\selenium-manager17692505153330013422640232719034923\\selenium-manager.exe, --browser, safari, --output, json]\nsafaridriver not available for download\nBuild info: version: '4.11.0', revision: '040bc5406b'\nSystem info: os.name: 'Windows 10', os.arch: 'amd64', os.version: '10.0', java.version: '18.0.2'\nDriver info: driver.version: SafariDriver\r\n\tat org.openqa.selenium.remote.service.DriverFinder.getPath(DriverFinder.java:25)\r\n\tat org.openqa.selenium.remote.service.DriverFinder.getPath(DriverFinder.java:13)\r\n\tat org.openqa.selenium.safari.SafariDriver.generateExecutor(SafariDriver.java:94)\r\n\tat org.openqa.selenium.safari.SafariDriver.<init>(SafariDriver.java:83)\r\n\tat org.openqa.selenium.safari.SafariDriver.<init>(SafariDriver.java:79)\r\n\tat org.openqa.selenium.safari.SafariDriver.<init>(SafariDriver.java:56)\r\n\tat org.openqa.selenium.safari.SafariDriver.<init>(SafariDriver.java:47)\r\n\tat com.qa.opencart.factory.DriverFactory.initDriver(DriverFactory.java:81)\r\n\tat com.qa.opencart.base.BaseTest.setup(BaseTest.java:45)\r\n\tat java.base/jdk.internal.reflect.DirectMethodHandleAccessor.invoke(DirectMethodHandleAccessor.java:104)\r\n\tat java.base/java.lang.reflect.Method.invoke(Method.java:577)\r\n\tat org.testng.internal.MethodInvocationHelper.invokeMethod(MethodInvocationHelper.java:133)\r\n\tat org.testng.internal.MethodInvocationHelper.invokeMethodConsideringTimeout(MethodInvocationHelper.java:62)\r\n\tat org.testng.internal.ConfigInvoker.invokeConfigurationMethod(ConfigInvoker.java:340)\r\n\tat org.testng.internal.ConfigInvoker.invokeConfigurations(ConfigInvoker.java:294)\r\n\tat org.testng.TestRunner.invokeTestConfigurations(TestRunner.java:623)\r\n\tat org.testng.TestRunner.beforeRun(TestRunner.java:613)\r\n\tat org.testng.TestRunner.run(TestRunner.java:584)\r\n\tat org.testng.SuiteRunner.runTest(SuiteRunner.java:402)\r\n\tat org.testng.SuiteRunner.access$000(SuiteRunner.java:41)\r\n\tat org.testng.SuiteRunner$SuiteWorker.run(SuiteRunner.java:443)\r\n\tat org.testng.internal.thread.ThreadUtil.lambda$execute$0(ThreadUtil.java:67)\r\n\tat java.base/java.util.concurrent.FutureTask.run(FutureTask.java:264)\r\n\tat java.base/java.util.concurrent.ThreadPoolExecutor.runWorker(ThreadPoolExecutor.java:1136)\r\n\tat java.base/java.util.concurrent.ThreadPoolExecutor$Worker.run(ThreadPoolExecutor.java:635)\r\n\tat java.base/java.lang.Thread.run(Thread.java:833)\r\nCaused by: org.openqa.selenium.WebDriverException: Command failed with code: 65, executed: [C:\\Users\\SAMIRC~1.ROY\\AppData\\Local\\Temp\\selenium-manager17692505153330013422640232719034923\\selenium-manager.exe, --browser, safari, --output, json]\nsafaridriver not available for download\nBuild info: version: '4.11.0', revision: '040bc5406b'\nSystem info: os.name: 'Windows 10', os.arch: 'amd64', os.version: '10.0', java.version: '18.0.2'\nDriver info: driver.version: SafariDriver\r\n\tat org.openqa.selenium.manager.SeleniumManager.runCommand(SeleniumManager.java:151)\r\n\tat org.openqa.selenium.manager.SeleniumManager.getDriverPath(SeleniumManager.java:273)\r\n\tat org.openqa.selenium.remote.service.DriverFinder.getPath(DriverFinder.java:22)\r\n\t... 25 more\r\n"},"stage":"finished","steps":[],"attachments":[],"parameters":[{"name":"testname","value":"Login Test"},{"name":"env","value":"qa"},{"name":"browserversion","value":"103.0.5060.53"},{"name":"browser","value":"safari"}],"start":1694791993996,"stop":1694791994000}